<?xml version="1.0" encoding="utf-8"?><TestRun id="c76e799f-947f-4ad7-b648-835594b69924" name="Sarah.Giblett@OAS011087 2019-02-07 20:51:28" runUser="OASIS\Sarah.Giblett" xmlns="http://microsoft.com/schemas/VisualStudio/TeamTest/2010"><Times creation="2019-02-07T20:51:28.2572923+00:00" queuing="2019-02-07T20:51:28.2572923+00:00" start="2019-02-07T20:51:27.7309827+00:00" finish="2019-02-07T20:51:28.3597805+00:00" /><TestSettings name="default" id="ef1a501a-b3bb-4862-a764-6b0bc4b34215"><Deployment runDeploymentRoot="Sarah.Giblett_OAS011087_2019-02-07_20_51_28" /></TestSettings><Results><UnitTestResult executionId="8214d0fa-7822-4417-92e9-1a69911c838f" testId="861ea27f-1fd8-dfc1-57ac-79be874ece82" testName="AreSameTest" computerName="OAS011087" duration="00:00:00.0003180" startTime="2019-02-07T20:51:28.2290504+00:00" endTime="2019-02-07T20:51:28.2300525+00:00" testType="13cdc9d9-ddb5-4fa4-a97d-d965ccfc6d4b" outcome="Passed" testListId="8c84fa94-04c1-424b-9868-57a2d4851a1d" relativeResultsDirectory="8214d0fa-7822-4417-92e9-1a69911c838f" /><UnitTestResult executionId="ae107500-ce5a-4735-aac7-7f60b88f0c53" testId="2ab8107d-b2fe-e575-0238-9e6207f92895" testName="IsNotAllLowerCase" computerName="OAS011087" duration="00:00:00.0018516" startTime="2019-02-07T20:51:28.2342310+00:00" endTime="2019-02-07T20:51:28.2362363+00:00" testType="13cdc9d9-ddb5-4fa4-a97d-d965ccfc6d4b" outcome="Passed" testListId="8c84fa94-04c1-424b-9868-57a2d4851a1d" relativeResultsDirectory="ae107500-ce5a-4735-aac7-7f60b88f0c53" /><UnitTestResult executionId="4b7831e4-2104-426c-8bc6-8683268ec6b8" testId="a6b45044-b221-43ab-8ab4-ba74922ae6d4" testName="IsInstanceOfTypeTest" computerName="OAS011087" duration="00:00:00.0037115" startTime="2019-02-07T20:51:28.2300525+00:00" endTime="2019-02-07T20:51:28.2332283+00:00" testType="13cdc9d9-ddb5-4fa4-a97d-d965ccfc6d4b" outcome="Passed" testListId="8c84fa94-04c1-424b-9868-57a2d4851a1d" relativeResultsDirectory="4b7831e4-2104-426c-8bc6-8683268ec6b8" /><UnitTestResult executionId="66645c6e-0d38-4e3a-86f9-cfe4802e0b5a" testId="5bc0b98f-c062-f35f-3fbf-1d32cd35a43e" testName="AreCollectionsEqualWithCompareTest" computerName="OAS011087" duration="00:00:00.0131015" startTime="2019-02-07T20:51:28.2362363+00:00" endTime="2019-02-07T20:51:28.2502736+00:00" testType="13cdc9d9-ddb5-4fa4-a97d-d965ccfc6d4b" outcome="Passed" testListId="8c84fa94-04c1-424b-9868-57a2d4851a1d" relativeResultsDirectory="66645c6e-0d38-4e3a-86f9-cfe4802e0b5a" /><UnitTestResult executionId="a8e219be-d3a8-47a7-9d2c-89bffde5a6c0" testId="d8bc195e-a84c-924f-2a97-a6848b7ad3ca" testName="FileNameDoesExistUsingDeploymentItem" computerName="OAS011087" duration="00:00:00.0027495" startTime="2019-02-07T20:51:28.2542843+00:00" endTime="2019-02-07T20:51:28.2572923+00:00" testType="13cdc9d9-ddb5-4fa4-a97d-d965ccfc6d4b" outcome="Passed" testListId="8c84fa94-04c1-424b-9868-57a2d4851a1d" relativeResultsDirectory="a8e219be-d3a8-47a7-9d2c-89bffde5a6c0"><Output><StdOut>TestContext Messages:
In the Class Initialise&#xD;
Creating the file: C:\Users\sarah.giblett\AppData\Roaming\TestFile.txt&#xD;
Checking file: C:\Users\sarah.giblett\source\repos\UnitTestCourse\UnitTestCourseTests\bin\Debug\TestResults\Deploy_Sarah.Giblett 2019-02-07 20_51_27\Out\FileToDeploy.txt&#xD;
Delete the file: C:\Users\sarah.giblett\AppData\Roaming\TestFile.txt</StdOut></Output></UnitTestResult><UnitTestResult executionId="dc680a94-e8df-40e6-9ffb-cee8723c59f2" testId="0e9924bc-e95d-e186-fe33-dd191ec860e4" testName="FileNameNullOrEmpty_ThrowsArgumentNullException" computerName="OAS011087" duration="00:00:00.0013512" startTime="2019-02-07T20:51:28.2593185+00:00" endTime="2019-02-07T20:51:28.2603255+00:00" testType="13cdc9d9-ddb5-4fa4-a97d-d965ccfc6d4b" outcome="Passed" testListId="8c84fa94-04c1-424b-9868-57a2d4851a1d" relativeResultsDirectory="dc680a94-e8df-40e6-9ffb-cee8723c59f2" /><UnitTestResult executionId="0c26cf40-d792-4155-841c-96c213c0c15c" testId="ff9c9b0f-3cae-e38a-79c0-0fe053cd84d8" testName="FileNameDoesExistSimpleMessage" computerName="OAS011087" duration="00:00:00.0013124" startTime="2019-02-07T20:51:28.2572923+00:00" endTime="2019-02-07T20:51:28.2593185+00:00" testType="13cdc9d9-ddb5-4fa4-a97d-d965ccfc6d4b" outcome="Passed" testListId="8c84fa94-04c1-424b-9868-57a2d4851a1d" relativeResultsDirectory="0c26cf40-d792-4155-841c-96c213c0c15c"><Output><StdOut>TestContext Messages:
Creating the file: C:\Users\sarah.giblett\AppData\Roaming\TestFile.txt&#xD;
Delete the file: C:\Users\sarah.giblett\AppData\Roaming\TestFile.txt</StdOut></Output></UnitTestResult><UnitTestResult executionId="f17eba61-0fce-45d7-a482-355e29f3e628" testId="d1012aee-267a-c0b6-4c1f-e03ee7d0eaf0" testName="ContainsTest" computerName="OAS011087" duration="00:00:00.0003713" startTime="2019-02-07T20:51:28.2342310+00:00" endTime="2019-02-07T20:51:28.2342310+00:00" testType="13cdc9d9-ddb5-4fa4-a97d-d965ccfc6d4b" outcome="Passed" testListId="8c84fa94-04c1-424b-9868-57a2d4851a1d" relativeResultsDirectory="f17eba61-0fce-45d7-a482-355e29f3e628" /><UnitTestResult executionId="b7653074-e818-489f-abad-7e251804311a" testId="794f4818-b104-3277-733c-ea35891fdba7" testName="FileNameDoesNotExist" computerName="OAS011087" duration="00:00:00.0002264" startTime="2019-02-07T20:51:28.2593185+00:00" endTime="2019-02-07T20:51:28.2593185+00:00" testType="13cdc9d9-ddb5-4fa4-a97d-d965ccfc6d4b" outcome="Passed" testListId="8c84fa94-04c1-424b-9868-57a2d4851a1d" relativeResultsDirectory="b7653074-e818-489f-abad-7e251804311a" /><UnitTestResult executionId="bac74e94-5152-4297-af79-22ead67c7b98" testId="d2fc22d5-a6b2-b668-ccbb-aaa74fe37ca2" testName="AreNotEqualTest" computerName="OAS011087" duration="00:00:00.0003602" startTime="2019-02-07T20:51:28.2280472+00:00" endTime="2019-02-07T20:51:28.2290504+00:00" testType="13cdc9d9-ddb5-4fa4-a97d-d965ccfc6d4b" outcome="Passed" testListId="8c84fa94-04c1-424b-9868-57a2d4851a1d" relativeResultsDirectory="bac74e94-5152-4297-af79-22ead67c7b98" /><UnitTestResult executionId="ee2ac30a-340a-444f-94b0-c8fd8c14bd1f" testId="ff0669df-0e2b-0377-bebf-208ef510734f" testName="IsNullTest" computerName="OAS011087" duration="00:00:00.0001304" startTime="2019-02-07T20:51:28.2332283+00:00" endTime="2019-02-07T20:51:28.2342310+00:00" testType="13cdc9d9-ddb5-4fa4-a97d-d965ccfc6d4b" outcome="Passed" testListId="8c84fa94-04c1-424b-9868-57a2d4851a1d" relativeResultsDirectory="ee2ac30a-340a-444f-94b0-c8fd8c14bd1f" /><UnitTestResult executionId="8448be91-b2cb-4c51-b354-812b724d810b" testId="22afa223-cd18-bfb1-9db3-89e0190c97b5" testName="FileNameNullOrEmpty_ThrowsArgumentNullException_UseTryCatch" computerName="OAS011087" duration="00:00:00.0001299" startTime="2019-02-07T20:51:28.2603255+00:00" endTime="2019-02-07T20:51:28.2613383+00:00" testType="13cdc9d9-ddb5-4fa4-a97d-d965ccfc6d4b" outcome="Passed" testListId="8c84fa94-04c1-424b-9868-57a2d4851a1d" relativeResultsDirectory="8448be91-b2cb-4c51-b354-812b724d810b" /><UnitTestResult executionId="4d896666-27fd-4fed-80e5-b2dc063a6e67" testId="cf22f1ff-1ab8-e2db-6829-41673ec0a677" testName="AreNotSameTest" computerName="OAS011087" duration="00:00:00.0001178" startTime="2019-02-07T20:51:28.2300525+00:00" endTime="2019-02-07T20:51:28.2300525+00:00" testType="13cdc9d9-ddb5-4fa4-a97d-d965ccfc6d4b" outcome="Passed" testListId="8c84fa94-04c1-424b-9868-57a2d4851a1d" relativeResultsDirectory="4d896666-27fd-4fed-80e5-b2dc063a6e67" /><UnitTestResult executionId="0324aa4b-cdbc-4880-8d64-877f13bc19a8" testId="778d669c-ba7f-f9e5-d179-1d4786217c83" testName="AreEqualTest" computerName="OAS011087" duration="00:00:00.0048358" startTime="2019-02-07T20:51:28.1814218+00:00" endTime="2019-02-07T20:51:28.2190232+00:00" testType="13cdc9d9-ddb5-4fa4-a97d-d965ccfc6d4b" outcome="Passed" testListId="8c84fa94-04c1-424b-9868-57a2d4851a1d" relativeResultsDirectory="0324aa4b-cdbc-4880-8d64-877f13bc19a8"><Output><StdOut>TestContext Messages:
In the Assembly Initialise method.</StdOut></Output></UnitTestResult><UnitTestResult executionId="8d748e3b-91f9-48fa-840f-a2d8592d97a1" testId="b02a3b32-b2a8-bc3a-d8d4-35096ad52ce8" testName="FileNameDoesExist" computerName="OAS011087" startTime="2019-02-07T20:51:28.2522790+00:00" endTime="2019-02-07T20:51:28.2542843+00:00" testType="13cdc9d9-ddb5-4fa4-a97d-d965ccfc6d4b" outcome="NotExecuted" testListId="8c84fa94-04c1-424b-9868-57a2d4851a1d" relativeResultsDirectory="8d748e3b-91f9-48fa-840f-a2d8592d97a1"><Output></Output></UnitTestResult></Results><TestDefinitions><UnitTest name="AreNotSameTest" storage="c:\users\sarah.giblett\source\repos\unittestcourse\unittestcoursetests\bin\debug\unittestcoursetests.dll" id="cf22f1ff-1ab8-e2db-6829-41673ec0a677"><Owners><Owner name="Sarah" /></Owners><Execution id="4d896666-27fd-4fed-80e5-b2dc063a6e67" /><TestMethod codeBase="C:\Users\sarah.giblett\source\repos\UnitTestCourse\UnitTestCourseTests\bin\Debug\UnitTestCourseTests.dll" adapterTypeName="executor://mstestadapter/v2" className="UnitTestCourseTests.AssertClassTest" name="AreNotSameTest" /></UnitTest><UnitTest name="FileNameNullOrEmpty_ThrowsArgumentNullException_UseTryCatch" storage="c:\users\sarah.giblett\source\repos\unittestcourse\unittestcoursetests\bin\debug\unittestcoursetests.dll" id="22afa223-cd18-bfb1-9db3-89e0190c97b5"><Execution id="8448be91-b2cb-4c51-b354-812b724d810b" /><TestMethod codeBase="C:\Users\sarah.giblett\source\repos\UnitTestCourse\UnitTestCourseTests\bin\Debug\UnitTestCourseTests.dll" adapterTypeName="executor://mstestadapter/v2" className="UnitTestCourseTests.FileProcessTest" name="FileNameNullOrEmpty_ThrowsArgumentNullException_UseTryCatch" /></UnitTest><UnitTest name="FileNameDoesExist" storage="c:\users\sarah.giblett\source\repos\unittestcourse\unittestcoursetests\bin\debug\unittestcoursetests.dll" priority="0" id="b02a3b32-b2a8-bc3a-d8d4-35096ad52ce8"><Owners><Owner name="Sarah" /></Owners><TestCategory><TestCategoryItem TestCategory="NoException" /></TestCategory><Execution id="8d748e3b-91f9-48fa-840f-a2d8592d97a1" /><TestMethod codeBase="C:\Users\sarah.giblett\source\repos\UnitTestCourse\UnitTestCourseTests\bin\Debug\UnitTestCourseTests.dll" adapterTypeName="executor://mstestadapter/v2" className="UnitTestCourseTests.FileProcessTest" name="FileNameDoesExist" /></UnitTest><UnitTest name="AreEqualTest" storage="c:\users\sarah.giblett\source\repos\unittestcourse\unittestcoursetests\bin\debug\unittestcoursetests.dll" id="778d669c-ba7f-f9e5-d179-1d4786217c83"><Owners><Owner name="Sarah" /></Owners><Execution id="0324aa4b-cdbc-4880-8d64-877f13bc19a8" /><TestMethod codeBase="C:\Users\sarah.giblett\source\repos\UnitTestCourse\UnitTestCourseTests\bin\Debug\UnitTestCourseTests.dll" adapterTypeName="executor://mstestadapter/v2" className="UnitTestCourseTests.AssertClassTest" name="AreEqualTest" /></UnitTest><UnitTest name="IsNullTest" storage="c:\users\sarah.giblett\source\repos\unittestcourse\unittestcoursetests\bin\debug\unittestcoursetests.dll" id="ff0669df-0e2b-0377-bebf-208ef510734f"><Owners><Owner name="Sarah" /></Owners><Execution id="ee2ac30a-340a-444f-94b0-c8fd8c14bd1f" /><TestMethod codeBase="C:\Users\sarah.giblett\source\repos\UnitTestCourse\UnitTestCourseTests\bin\Debug\UnitTestCourseTests.dll" adapterTypeName="executor://mstestadapter/v2" className="UnitTestCourseTests.AssertClassTest" name="IsNullTest" /></UnitTest><UnitTest name="AreSameTest" storage="c:\users\sarah.giblett\source\repos\unittestcourse\unittestcoursetests\bin\debug\unittestcoursetests.dll" id="861ea27f-1fd8-dfc1-57ac-79be874ece82"><Owners><Owner name="Sarah" /></Owners><Execution id="8214d0fa-7822-4417-92e9-1a69911c838f" /><TestMethod codeBase="C:\Users\sarah.giblett\source\repos\UnitTestCourse\UnitTestCourseTests\bin\Debug\UnitTestCourseTests.dll" adapterTypeName="executor://mstestadapter/v2" className="UnitTestCourseTests.AssertClassTest" name="AreSameTest" /></UnitTest><UnitTest name="IsNotAllLowerCase" storage="c:\users\sarah.giblett\source\repos\unittestcourse\unittestcoursetests\bin\debug\unittestcoursetests.dll" id="2ab8107d-b2fe-e575-0238-9e6207f92895"><Owners><Owner name="Sarah" /></Owners><Execution id="ae107500-ce5a-4735-aac7-7f60b88f0c53" /><TestMethod codeBase="C:\Users\sarah.giblett\source\repos\UnitTestCourse\UnitTestCourseTests\bin\Debug\UnitTestCourseTests.dll" adapterTypeName="executor://mstestadapter/v2" className="UnitTestCourseTests.AssertClassTest" name="IsNotAllLowerCase" /></UnitTest><UnitTest name="FileNameDoesExistUsingDeploymentItem" storage="c:\users\sarah.giblett\source\repos\unittestcourse\unittestcoursetests\bin\debug\unittestcoursetests.dll" id="d8bc195e-a84c-924f-2a97-a6848b7ad3ca"><Execution id="a8e219be-d3a8-47a7-9d2c-89bffde5a6c0" /><TestMethod codeBase="C:\Users\sarah.giblett\source\repos\UnitTestCourse\UnitTestCourseTests\bin\Debug\UnitTestCourseTests.dll" adapterTypeName="executor://mstestadapter/v2" className="UnitTestCourseTests.FileProcessTest" name="FileNameDoesExistUsingDeploymentItem" /></UnitTest><UnitTest name="AreNotEqualTest" storage="c:\users\sarah.giblett\source\repos\unittestcourse\unittestcoursetests\bin\debug\unittestcoursetests.dll" id="d2fc22d5-a6b2-b668-ccbb-aaa74fe37ca2"><Owners><Owner name="Sarah" /></Owners><Execution id="bac74e94-5152-4297-af79-22ead67c7b98" /><TestMethod codeBase="C:\Users\sarah.giblett\source\repos\UnitTestCourse\UnitTestCourseTests\bin\Debug\UnitTestCourseTests.dll" adapterTypeName="executor://mstestadapter/v2" className="UnitTestCourseTests.AssertClassTest" name="AreNotEqualTest" /></UnitTest><UnitTest name="FileNameDoesExistSimpleMessage" storage="c:\users\sarah.giblett\source\repos\unittestcourse\unittestcoursetests\bin\debug\unittestcoursetests.dll" id="ff9c9b0f-3cae-e38a-79c0-0fe053cd84d8"><Execution id="0c26cf40-d792-4155-841c-96c213c0c15c" /><TestMethod codeBase="C:\Users\sarah.giblett\source\repos\UnitTestCourse\UnitTestCourseTests\bin\Debug\UnitTestCourseTests.dll" adapterTypeName="executor://mstestadapter/v2" className="UnitTestCourseTests.FileProcessTest" name="FileNameDoesExistSimpleMessage" /></UnitTest><UnitTest name="IsInstanceOfTypeTest" storage="c:\users\sarah.giblett\source\repos\unittestcourse\unittestcoursetests\bin\debug\unittestcoursetests.dll" id="a6b45044-b221-43ab-8ab4-ba74922ae6d4"><Owners><Owner name="Sarah" /></Owners><Execution id="4b7831e4-2104-426c-8bc6-8683268ec6b8" /><TestMethod codeBase="C:\Users\sarah.giblett\source\repos\UnitTestCourse\UnitTestCourseTests\bin\Debug\UnitTestCourseTests.dll" adapterTypeName="executor://mstestadapter/v2" className="UnitTestCourseTests.AssertClassTest" name="IsInstanceOfTypeTest" /></UnitTest><UnitTest name="FileNameNullOrEmpty_ThrowsArgumentNullException" storage="c:\users\sarah.giblett\source\repos\unittestcourse\unittestcoursetests\bin\debug\unittestcoursetests.dll" id="0e9924bc-e95d-e186-fe33-dd191ec860e4"><Execution id="dc680a94-e8df-40e6-9ffb-cee8723c59f2" /><TestMethod codeBase="C:\Users\sarah.giblett\source\repos\UnitTestCourse\UnitTestCourseTests\bin\Debug\UnitTestCourseTests.dll" adapterTypeName="executor://mstestadapter/v2" className="UnitTestCourseTests.FileProcessTest" name="FileNameNullOrEmpty_ThrowsArgumentNullException" /></UnitTest><UnitTest name="FileNameDoesNotExist" storage="c:\users\sarah.giblett\source\repos\unittestcourse\unittestcoursetests\bin\debug\unittestcoursetests.dll" priority="1" id="794f4818-b104-3277-733c-ea35891fdba7"><Owners><Owner name="Sarah" /></Owners><Execution id="b7653074-e818-489f-abad-7e251804311a" /><TestMethod codeBase="C:\Users\sarah.giblett\source\repos\UnitTestCourse\UnitTestCourseTests\bin\Debug\UnitTestCourseTests.dll" adapterTypeName="executor://mstestadapter/v2" className="UnitTestCourseTests.FileProcessTest" name="FileNameDoesNotExist" /></UnitTest><UnitTest name="AreCollectionsEqualWithCompareTest" storage="c:\users\sarah.giblett\source\repos\unittestcourse\unittestcoursetests\bin\debug\unittestcoursetests.dll" id="5bc0b98f-c062-f35f-3fbf-1d32cd35a43e"><Execution id="66645c6e-0d38-4e3a-86f9-cfe4802e0b5a" /><TestMethod codeBase="C:\Users\sarah.giblett\source\repos\UnitTestCourse\UnitTestCourseTests\bin\Debug\UnitTestCourseTests.dll" adapterTypeName="executor://mstestadapter/v2" className="UnitTestCourseTests.CollectionAssertClassTest" name="AreCollectionsEqualWithCompareTest" /></UnitTest><UnitTest name="ContainsTest" storage="c:\users\sarah.giblett\source\repos\unittestcourse\unittestcoursetests\bin\debug\unittestcoursetests.dll" id="d1012aee-267a-c0b6-4c1f-e03ee7d0eaf0"><Owners><Owner name="Sarah" /></Owners><Execution id="f17eba61-0fce-45d7-a482-355e29f3e628" /><TestMethod codeBase="C:\Users\sarah.giblett\source\repos\UnitTestCourse\UnitTestCourseTests\bin\Debug\UnitTestCourseTests.dll" adapterTypeName="executor://mstestadapter/v2" className="UnitTestCourseTests.AssertClassTest" name="ContainsTest" /></UnitTest></TestDefinitions><TestEntries><TestEntry testId="861ea27f-1fd8-dfc1-57ac-79be874ece82" executionId="8214d0fa-7822-4417-92e9-1a69911c838f" testListId="8c84fa94-04c1-424b-9868-57a2d4851a1d" /><TestEntry testId="2ab8107d-b2fe-e575-0238-9e6207f92895" executionId="ae107500-ce5a-4735-aac7-7f60b88f0c53" testListId="8c84fa94-04c1-424b-9868-57a2d4851a1d" /><TestEntry testId="a6b45044-b221-43ab-8ab4-ba74922ae6d4" executionId="4b7831e4-2104-426c-8bc6-8683268ec6b8" testListId="8c84fa94-04c1-424b-9868-57a2d4851a1d" /><TestEntry testId="5bc0b98f-c062-f35f-3fbf-1d32cd35a43e" executionId="66645c6e-0d38-4e3a-86f9-cfe4802e0b5a" testListId="8c84fa94-04c1-424b-9868-57a2d4851a1d" /><TestEntry testId="d8bc195e-a84c-924f-2a97-a6848b7ad3ca" executionId="a8e219be-d3a8-47a7-9d2c-89bffde5a6c0" testListId="8c84fa94-04c1-424b-9868-57a2d4851a1d" /><TestEntry testId="0e9924bc-e95d-e186-fe33-dd191ec860e4" executionId="dc680a94-e8df-40e6-9ffb-cee8723c59f2" testListId="8c84fa94-04c1-424b-9868-57a2d4851a1d" /><TestEntry testId="ff9c9b0f-3cae-e38a-79c0-0fe053cd84d8" executionId="0c26cf40-d792-4155-841c-96c213c0c15c" testListId="8c84fa94-04c1-424b-9868-57a2d4851a1d" /><TestEntry testId="d1012aee-267a-c0b6-4c1f-e03ee7d0eaf0" executionId="f17eba61-0fce-45d7-a482-355e29f3e628" testListId="8c84fa94-04c1-424b-9868-57a2d4851a1d" /><TestEntry testId="794f4818-b104-3277-733c-ea35891fdba7" executionId="b7653074-e818-489f-abad-7e251804311a" testListId="8c84fa94-04c1-424b-9868-57a2d4851a1d" /><TestEntry testId="d2fc22d5-a6b2-b668-ccbb-aaa74fe37ca2" executionId="bac74e94-5152-4297-af79-22ead67c7b98" testListId="8c84fa94-04c1-424b-9868-57a2d4851a1d" /><TestEntry testId="ff0669df-0e2b-0377-bebf-208ef510734f" executionId="ee2ac30a-340a-444f-94b0-c8fd8c14bd1f" testListId="8c84fa94-04c1-424b-9868-57a2d4851a1d" /><TestEntry testId="22afa223-cd18-bfb1-9db3-89e0190c97b5" executionId="8448be91-b2cb-4c51-b354-812b724d810b" testListId="8c84fa94-04c1-424b-9868-57a2d4851a1d" /><TestEntry testId="cf22f1ff-1ab8-e2db-6829-41673ec0a677" executionId="4d896666-27fd-4fed-80e5-b2dc063a6e67" testListId="8c84fa94-04c1-424b-9868-57a2d4851a1d" /><TestEntry testId="778d669c-ba7f-f9e5-d179-1d4786217c83" executionId="0324aa4b-cdbc-4880-8d64-877f13bc19a8" testListId="8c84fa94-04c1-424b-9868-57a2d4851a1d" /><TestEntry testId="b02a3b32-b2a8-bc3a-d8d4-35096ad52ce8" executionId="8d748e3b-91f9-48fa-840f-a2d8592d97a1" testListId="8c84fa94-04c1-424b-9868-57a2d4851a1d" /></TestEntries><TestLists><TestList name="Results Not in a List" id="8c84fa94-04c1-424b-9868-57a2d4851a1d" /><TestList name="All Loaded Results" id="19431567-8539-422a-85d7-44ee4e166bda" /></TestLists><ResultSummary outcome="Completed"><Counters total="15" executed="14" passed="14" failed="0" error="0" timeout="0" aborted="0" inconclusive="0" passedButRunAborted="0" notRunnable="0" notExecuted="0" disconnected="0" warning="0" completed="0" inProgress="0" pending="0" /><Output><StdOut>Test 'FileNameDoesExist' was skipped in the test run.</StdOut></Output></ResultSummary></TestRun>